0 info it worked if it ends with ok
1 verbose cli [
1 verbose cli   'C:\\Program Files\\nodejs\\node.exe',
1 verbose cli   'C:\\Users\\bhavy\\node_modules\\npm\\bin\\npm-cli.js',
1 verbose cli   'run',
1 verbose cli   'build'
1 verbose cli ]
2 info using npm@2.15.12
3 info using node@v22.11.0
4 verbose stack Error: Cannot find module 'npm-package-arg'
4 verbose stack Require stack:
4 verbose stack - C:\Users\bhavy\node_modules\npm\node_modules\npm-registry-client\lib\access.js
4 verbose stack - C:\Users\bhavy\node_modules\npm\node_modules\npm-registry-client\index.js
4 verbose stack - C:\Users\bhavy\node_modules\npm\lib\cache\caching-client.js
4 verbose stack - C:\Users\bhavy\node_modules\npm\lib\npm.js
4 verbose stack - C:\Users\bhavy\node_modules\npm\bin\npm-cli.js
4 verbose stack     at Function._resolveFilename (node:internal/modules/cjs/loader:1249:15)
4 verbose stack     at Function._load (node:internal/modules/cjs/loader:1075:27)
4 verbose stack     at TracingChannel.traceSync (node:diagnostics_channel:315:14)
4 verbose stack     at wrapModuleLoad (node:internal/modules/cjs/loader:218:24)
4 verbose stack     at Module.require (node:internal/modules/cjs/loader:1340:12)
4 verbose stack     at require (node:internal/modules/helpers:141:16)
4 verbose stack     at Object.<anonymous> (C:\Users\bhavy\node_modules\npm\node_modules\npm-registry-client\lib\access.js:5:11)
4 verbose stack     at Module._compile (node:internal/modules/cjs/loader:1546:14)
4 verbose stack     at Object..js (node:internal/modules/cjs/loader:1689:10)
4 verbose stack     at Module.load (node:internal/modules/cjs/loader:1318:32)
5 verbose cwd C:\Users\bhavy\Desktop\rbac-project
6 error Windows_NT 10.0.19045
7 error argv "C:\\Program Files\\nodejs\\node.exe" "C:\\Users\\bhavy\\node_modules\\npm\\bin\\npm-cli.js" "run" "build"
8 error node v22.11.0
9 error npm  v2.15.12
10 error code MODULE_NOT_FOUND
11 error Cannot find module 'npm-package-arg'
11 error Require stack:
11 error - C:\Users\bhavy\node_modules\npm\node_modules\npm-registry-client\lib\access.js
11 error - C:\Users\bhavy\node_modules\npm\node_modules\npm-registry-client\index.js
11 error - C:\Users\bhavy\node_modules\npm\lib\cache\caching-client.js
11 error - C:\Users\bhavy\node_modules\npm\lib\npm.js
11 error - C:\Users\bhavy\node_modules\npm\bin\npm-cli.js
12 error If you need help, you may report this error at:
12 error     <https://github.com/npm/npm/issues>
13 verbose exit [ 1, true ]
